[2025-05-07 18:03:46] Created admin: admin
[2025-05-07 18:03:46] All data saved successfully
[2025-05-07 18:03:46] Created default admin account
[2025-05-07 18:03:46] Loaded 0 tickets
[2025-05-07 18:03:46] Loaded 0 orders
[2025-05-07 18:03:46] Created user: john_doe
[2025-05-07 18:03:46] All data saved successfully
[2025-05-07 18:03:46] Created admin: admin_user
[2025-05-07 18:03:46] All data saved successfully
[2025-05-07 18:03:46] Registered ticket: TKT-001
[2025-05-07 18:03:46] All data saved successfully
[2025-05-07 18:03:46] Registered ticket: TKT-002
[2025-05-07 18:03:46] All data saved successfully
[2025-05-07 18:03:46] Created order: ORD-1 for user: john_doe
[2025-05-07 18:03:46] All data saved successfully
[2025-05-07 18:03:46] Updated order: ORD-1
[2025-05-07 18:03:46] All data saved successfully
[2025-05-07 18:03:46] Updated order: ORD-1
[2025-05-07 18:03:46] All data saved successfully
[2025-05-07 18:03:46] Updated order: ORD-1
[2025-05-07 18:03:46] All data saved successfully
